<?xml version="1.0" encoding="UTF-8"?>
<testng-results ignored="0" total="1" passed="1" failed="0" skipped="0">
  <reporter-output>
  </reporter-output>
  <suite started-at="2022-11-29T17:15:50 PST" name="Suite" finished-at="2022-11-29T17:19:19 PST" duration-ms="208278">
    <groups>
    </groups>
    <test started-at="2022-11-29T17:15:50 PST" name="Test" finished-at="2022-11-29T17:19:19 PST" duration-ms="208278">
      <class name="TestLayer.LoginPageTest">
        <test-method is-config="true" signature="start()[pri:0, instance:TestLayer.LoginPageTest@5876a9af]" started-at="2022-11-29T17:15:51 PST" name="start" finished-at="2022-11-29T17:15:54 PST" duration-ms="3438" status="PASS">
          <reporter-output>
          </reporter-output>
        </test-method> <!-- start -->
        <test-method is-config="true" signature="setup(java.lang.String)[pri:0, instance:TestLayer.LoginPageTest@5876a9af]" started-at="2022-11-29T17:15:54 PST" name="setup" finished-at="2022-11-29T17:19:18 PST" duration-ms="203813" status="PASS">
          <params>
            <param index="0">
              <value>
                <![CDATA[chrome]]>
              </value>
            </param>
          </params>
          <reporter-output>
          </reporter-output>
        </test-method> <!-- setup -->
        <test-method signature="verifyLoginTest()[pri:0, instance:TestLayer.LoginPageTest@5876a9af]" started-at="2022-11-29T17:19:18 PST" name="verifyLoginTest" finished-at="2022-11-29T17:19:18 PST" duration-ms="448" status="PASS">
          <reporter-output>
          </reporter-output>
        </test-method> <!-- verifyLoginTest -->
        <test-method is-config="true" signature="teardown()[pri:0, instance:TestLayer.LoginPageTest@5876a9af]" started-at="2022-11-29T17:19:19 PST" name="teardown" finished-at="2022-11-29T17:19:19 PST" duration-ms="2" status="PASS">
          <reporter-output>
          </reporter-output>
        </test-method> <!-- teardown -->
        <test-method is-config="true" signature="end()[pri:0, instance:TestLayer.LoginPageTest@5876a9af]" started-at="2022-11-29T17:19:19 PST" name="end" finished-at="2022-11-29T17:19:19 PST" duration-ms="2" status="PASS">
          <reporter-output>
          </reporter-output>
        </test-method> <!-- end -->
      </class> <!-- TestLayer.LoginPageTest -->
    </test> <!-- Test -->
  </suite> <!-- Suite -->
</testng-results>
